cameraxvideo/build/intermediates/manifest_merge_blame_file/debug/manifest-merger-blame-debug-report.txt
1<?xml version="1.0" encoding="utf-8"?>
2<!--
3  ~ Copyright 2020 The Android Open Source Project
4  ~
5  ~ Licensed under the Apache License, Version 2.0 (the "License");
6  ~ you may not use this file except in compliance with the License.
7  ~ You may obtain a copy of the License at
8  ~
9  ~     https://www.apache.org/licenses/LICENSE-2.0
10  ~
11  ~ Unless required by applicable law or agreed to in writing, software
12  ~ distributed under the License is distributed on an "AS IS" BASIS,
13  ~ WITHOUT WARRANTIES OR CONDITIONS OF ANY KIND, either express or implied.
14  ~ See the License for the specific language governing permissions and
15  ~ limitations under the License.
16-->
17<manifest xmlns:android="http://schemas.android.com/apk/res/android"
18    xmlns:tools="http://schemas.android.com/tools"
19    package="com.example.android.camerax.video" >
20
21    <uses-sdk
22        android:minSdkVersion="21"
22-->src\main\AndroidManifest.xml
23        android:targetSdkVersion="31" />
23-->src\main\AndroidManifest.xml
24
25    <!-- Permission declarations -->
26    <uses-permission android:name="android.permission.CAMERA" />
26-->src\main\AndroidManifest.xml:22:5-65
26-->src\main\AndroidManifest.xml:22:22-62
27    <uses-permission android:name="android.permission.RECORD_AUDIO" />
27-->src\main\AndroidManifest.xml:23:5-71
27-->src\main\AndroidManifest.xml:23:22-68
28    <uses-permission
28-->src\main\AndroidManifest.xml:24:5-25:38
29        android:name="android.permission.WRITE_EXTERNAL_STORAGE"
29-->src\main\AndroidManifest.xml:24:22-78
30        android:maxSdkVersion="28" />
30-->src\main\AndroidManifest.xml:25:9-35
31
32    <!-- A camera with burst capability is required to use this application -->
33    <uses-feature android:name="android.hardware.camera.any" />
33-->src\main\AndroidManifest.xml:28:5-64
33-->src\main\AndroidManifest.xml:28:19-61
34
35    <application
35-->src\main\AndroidManifest.xml:30:5-62:19
36        android:name="com.example.android.camerax.video.MainApplication"
36-->src\main\AndroidManifest.xml:31:9-40
37        android:allowBackup="true"
37-->src\main\AndroidManifest.xml:32:9-35
38        android:icon="@drawable/ic_launcher"
38-->src\main\AndroidManifest.xml:34:9-45
39        android:label="@string/app_name"
39-->src\main\AndroidManifest.xml:33:9-41
40        tools:ignore="AllowBackup,GoogleAppIndexingWarning" >
40-->src\main\AndroidManifest.xml:35:9-60
41        <activity
41-->src\main\AndroidManifest.xml:37:9-49:20
42            android:name="com.example.android.camerax.video.MainActivity"
42-->src\main\AndroidManifest.xml:38:13-74
43            android:clearTaskOnLaunch="true"
43-->src\main\AndroidManifest.xml:39:13-45
44            android:exported="true"
44-->src\main\AndroidManifest.xml:41:13-36
45            android:theme="@style/AppTheme" >
45-->src\main\AndroidManifest.xml:40:13-44
46
47            <!-- Main app intent filter -->
48            <intent-filter>
48-->src\main\AndroidManifest.xml:44:13-47:29
49                <action android:name="android.intent.action.MAIN" />
49-->src\main\AndroidManifest.xml:45:17-69
49-->src\main\AndroidManifest.xml:45:25-66
50
51                <category android:name="android.intent.category.LAUNCHER" />
51-->src\main\AndroidManifest.xml:46:17-77
51-->src\main\AndroidManifest.xml:46:27-74
52            </intent-filter>
53        </activity>
54
55        <!-- FileProvider used to share media with other apps -->
56        <provider
56-->src\main\AndroidManifest.xml:52:9-60:20
57            android:name="androidx.core.content.FileProvider"
57-->src\main\AndroidManifest.xml:53:13-62
58            android:authorities="${applicationId}.provider"
58-->src\main\AndroidManifest.xml:54:13-60
59            android:exported="false"
59-->src\main\AndroidManifest.xml:55:13-37
60            android:grantUriPermissions="true" >
60-->src\main\AndroidManifest.xml:56:13-47
61            <meta-data
61-->src\main\AndroidManifest.xml:57:13-59:53
62                android:name="android.support.FILE_PROVIDER_PATHS"
62-->src\main\AndroidManifest.xml:58:17-67
63                android:resource="@xml/file_paths" />
63-->src\main\AndroidManifest.xml:59:17-51
64        </provider>
65    </application>
66
67</manifest>